Command line invocation:
    /Applications/Xcode.app/Contents/Developer/usr/bin/xcodebuild -scheme Ayna -destination platform=macOS build

--- xcodebuild: WARNING: Using the first of multiple matching destinations:
{ platform:macOS, arch:arm64, id:00006001-001C49CA2602801E, name:My Mac }
{ platform:macOS, arch:x86_64, id:00006001-001C49CA2602801E, name:My Mac }
ComputePackagePrebuildTargetDependencyGraph

Prepare packages

CreateBuildRequest

SendProjectDescription

CreateBuildOperation

ComputeTargetDependencyGraph
note: Building targets in dependency order
note: Target dependency graph (1 target)
    Target 'Ayna' in project 'Ayna' (no dependencies)

GatherProvisioningInputs

CreateBuildDescription

ExecuteExternalTool /Applications/Xcode.app/Contents/Developer/Toolchains/XcodeDefault.xctoolchain/usr/bin/clang -v -E -dM -isysroot /Applications/Xcode.app/Contents/Developer/Platforms/MacOSX.platform/Developer/SDKs/MacOSX26.1.sdk -x c -c /dev/null

ExecuteExternalTool /Applications/Xcode.app/Contents/Developer/usr/bin/actool --version --output-format xml1

ExecuteExternalTool /Applications/Xcode.app/Contents/Developer/Toolchains/XcodeDefault.xctoolchain/usr/bin/swiftc --version

ExecuteExternalTool /Applications/Xcode.app/Contents/Developer/Toolchains/XcodeDefault.xctoolchain/usr/bin/ld -version_details

Build description signature: efd26507cffaa15ee53242d2ec29c435
Build description path: /Users/sozercan/Library/Developer/Xcode/DerivedData/Ayna-fiqnzgrnhrmivpbjllldqrfhxjww/Build/Intermediates.noindex/XCBuildData/efd26507cffaa15ee53242d2ec29c435.xcbuilddata
ProcessProductPackaging /Users/sozercan/projects/ayna/ayna.entitlements /Users/sozercan/Library/Developer/Xcode/DerivedData/Ayna-fiqnzgrnhrmivpbjllldqrfhxjww/Build/Intermediates.noindex/Ayna.build/Debug/Ayna.build/Ayna.app-Simulated.xcent (in target 'Ayna' from project 'Ayna')
    cd /Users/sozercan/projects/ayna
    
    Entitlements:
    
    {
}
    
    builtin-productPackagingUtility /Users/sozercan/projects/ayna/ayna.entitlements -entitlements -format xml -o /Users/sozercan/Library/Developer/Xcode/DerivedData/Ayna-fiqnzgrnhrmivpbjllldqrfhxjww/Build/Intermediates.noindex/Ayna.build/Debug/Ayna.build/Ayna.app-Simulated.xcent

ProcessProductPackaging /Users/sozercan/projects/ayna/ayna.entitlements /Users/sozercan/Library/Developer/Xcode/DerivedData/Ayna-fiqnzgrnhrmivpbjllldqrfhxjww/Build/Intermediates.noindex/Ayna.build/Debug/Ayna.build/Ayna.app.xcent (in target 'Ayna' from project 'Ayna')
    cd /Users/sozercan/projects/ayna
    
    Entitlements:
    
    {
    "com.apple.security.app-sandbox" = 0;
    "com.apple.security.cs.allow-unsigned-executable-memory" = 1;
    "com.apple.security.cs.disable-library-validation" = 1;
    "com.apple.security.files.user-selected.read-write" = 1;
    "com.apple.security.get-task-allow" = 1;
    "com.apple.security.network.client" = 1;
}
    
    builtin-productPackagingUtility /Users/sozercan/projects/ayna/ayna.entitlements -entitlements -format xml -o /Users/sozercan/Library/Developer/Xcode/DerivedData/Ayna-fiqnzgrnhrmivpbjllldqrfhxjww/Build/Intermediates.noindex/Ayna.build/Debug/Ayna.build/Ayna.app.xcent

ProcessProductPackagingDER /Users/sozercan/Library/Developer/Xcode/DerivedData/Ayna-fiqnzgrnhrmivpbjllldqrfhxjww/Build/Intermediates.noindex/Ayna.build/Debug/Ayna.build/Ayna.app-Simulated.xcent /Users/sozercan/Library/Developer/Xcode/DerivedData/Ayna-fiqnzgrnhrmivpbjllldqrfhxjww/Build/Intermediates.noindex/Ayna.build/Debug/Ayna.build/Ayna.app-Simulated.xcent.der (in target 'Ayna' from project 'Ayna')
    cd /Users/sozercan/projects/ayna
    /usr/bin/derq query -f xml -i /Users/sozercan/Library/Developer/Xcode/DerivedData/Ayna-fiqnzgrnhrmivpbjllldqrfhxjww/Build/Intermediates.noindex/Ayna.build/Debug/Ayna.build/Ayna.app-Simulated.xcent -o /Users/sozercan/Library/Developer/Xcode/DerivedData/Ayna-fiqnzgrnhrmivpbjllldqrfhxjww/Build/Intermediates.noindex/Ayna.build/Debug/Ayna.build/Ayna.app-Simulated.xcent.der --raw

ProcessProductPackagingDER /Users/sozercan/Library/Developer/Xcode/DerivedData/Ayna-fiqnzgrnhrmivpbjllldqrfhxjww/Build/Intermediates.noindex/Ayna.build/Debug/Ayna.build/Ayna.app.xcent /Users/sozercan/Library/Developer/Xcode/DerivedData/Ayna-fiqnzgrnhrmivpbjllldqrfhxjww/Build/Intermediates.noindex/Ayna.build/Debug/Ayna.build/Ayna.app.xcent.der (in target 'Ayna' from project 'Ayna')
    cd /Users/sozercan/projects/ayna
    /usr/bin/derq query -f xml -i /Users/sozercan/Library/Developer/Xcode/DerivedData/Ayna-fiqnzgrnhrmivpbjllldqrfhxjww/Build/Intermediates.noindex/Ayna.build/Debug/Ayna.build/Ayna.app.xcent -o /Users/sozercan/Library/Developer/Xcode/DerivedData/Ayna-fiqnzgrnhrmivpbjllldqrfhxjww/Build/Intermediates.noindex/Ayna.build/Debug/Ayna.build/Ayna.app.xcent.der --raw

ClangStatCache /Applications/Xcode.app/Contents/Developer/Toolchains/XcodeDefault.xctoolchain/usr/bin/clang-stat-cache /Applications/Xcode.app/Contents/Developer/Platforms/MacOSX.platform/Developer/SDKs/MacOSX26.1.sdk /Users/sozercan/Library/Developer/Xcode/DerivedData/SDKStatCaches.noindex/macosx26.1-25B74-3ae1261907bdadc328169391a47051a6.sdkstatcache
    cd /Users/sozercan/projects/ayna/Ayna.xcodeproj
    /Applications/Xcode.app/Contents/Developer/Toolchains/XcodeDefault.xctoolchain/usr/bin/clang-stat-cache /Applications/Xcode.app/Contents/Developer/Platforms/MacOSX.platform/Developer/SDKs/MacOSX26.1.sdk -o /Users/sozercan/Library/Developer/Xcode/DerivedData/SDKStatCaches.noindex/macosx26.1-25B74-3ae1261907bdadc328169391a47051a6.sdkstatcache

ProcessInfoPlistFile /Users/sozercan/Library/Developer/Xcode/DerivedData/Ayna-fiqnzgrnhrmivpbjllldqrfhxjww/Build/Products/Debug/Ayna.app/Contents/Info.plist /Users/sozercan/Library/Developer/Xcode/DerivedData/Ayna-fiqnzgrnhrmivpbjllldqrfhxjww/Build/Intermediates.noindex/Ayna.build/Debug/Ayna.build/empty-Ayna.plist (in target 'Ayna' from project 'Ayna')
    cd /Users/sozercan/projects/ayna
    builtin-infoPlistUtility /Users/sozercan/Library/Developer/Xcode/DerivedData/Ayna-fiqnzgrnhrmivpbjllldqrfhxjww/Build/Intermediates.noindex/Ayna.build/Debug/Ayna.build/empty-Ayna.plist -producttype com.apple.product-type.application -genpkginfo /Users/sozercan/Library/Developer/Xcode/DerivedData/Ayna-fiqnzgrnhrmivpbjllldqrfhxjww/Build/Products/Debug/Ayna.app/Contents/PkgInfo -expandbuildsettings -platform macosx -additionalcontentfile /Users/sozercan/Library/Developer/Xcode/DerivedData/Ayna-fiqnzgrnhrmivpbjllldqrfhxjww/Build/Intermediates.noindex/Ayna.build/Debug/Ayna.build/assetcatalog_generated_info.plist -o /Users/sozercan/Library/Developer/Xcode/DerivedData/Ayna-fiqnzgrnhrmivpbjllldqrfhxjww/Build/Products/Debug/Ayna.app/Contents/Info.plist

SwiftDriver Ayna normal arm64 com.apple.xcode.tools.swift.compiler (in target 'Ayna' from project 'Ayna')
    cd /Users/sozercan/projects/ayna
    builtin-SwiftDriver -- /Applications/Xcode.app/Contents/Developer/Toolchains/XcodeDefault.xctoolchain/usr/bin/swiftc -module-name Ayna -Onone -enforce-exclusivity\=checked @/Users/sozercan/Library/Developer/Xcode/DerivedData/Ayna-fiqnzgrnhrmivpbjllldqrfhxjww/Build/Intermediates.noindex/Ayna.build/Debug/Ayna.build/Objects-normal/arm64/Ayna.SwiftFileList -DDEBUG -enable-experimental-feature DebugDescriptionMacro -sdk /Applications/Xcode.app/Contents/Developer/Platforms/MacOSX.platform/Developer/SDKs/MacOSX26.1.sdk -target arm64-apple-macos14.6 -g -module-cache-path /Users/sozercan/Library/Developer/Xcode/DerivedData/ModuleCache.noindex -Xfrontend -serialize-debugging-options -enable-testing -index-store-path /Users/sozercan/Library/Developer/Xcode/DerivedData/Ayna-fiqnzgrnhrmivpbjllldqrfhxjww/Index.noindex/DataStore -Xcc -D_LIBCPP_HARDENING_MODE\=_LIBCPP_HARDENING_MODE_DEBUG -swift-version 6 -I /Users/sozercan/Library/Developer/Xcode/DerivedData/Ayna-fiqnzgrnhrmivpbjllldqrfhxjww/Build/Products/Debug -F /Users/sozercan/Library/Developer/Xcode/DerivedData/Ayna-fiqnzgrnhrmivpbjllldqrfhxjww/Build/Products/Debug -emit-localized-strings -emit-localized-strings-path /Users/sozercan/Library/Developer/Xcode/DerivedData/Ayna-fiqnzgrnhrmivpbjllldqrfhxjww/Build/Intermediates.noindex/Ayna.build/Debug/Ayna.build/Objects-normal/arm64 -c -j10 -enable-batch-mode -incremental -Xcc -ivfsstatcache -Xcc /Users/sozercan/Library/Developer/Xcode/DerivedData/SDKStatCaches.noindex/macosx26.1-25B74-3ae1261907bdadc328169391a47051a6.sdkstatcache -output-file-map /Users/sozercan/Library/Developer/Xcode/DerivedData/Ayna-fiqnzgrnhrmivpbjllldqrfhxjww/Build/Intermediates.noindex/Ayna.build/Debug/Ayna.build/Objects-normal/arm64/Ayna-OutputFileMap.json -use-frontend-parseable-output -save-temps -no-color-diagnostics -explicit-module-build -module-cache-path /Users/sozercan/Library/Developer/Xcode/DerivedData/Ayna-fiqnzgrnhrmivpbjllldqrfhxjww/Build/Intermediates.noindex/SwiftExplicitPrecompiledModules -clang-scanner-module-cache-path /Users/sozercan/Library/Developer/Xcode/DerivedData/ModuleCache.noindex -sdk-module-cache-path /Users/sozercan/Library/Developer/Xcode/DerivedData/ModuleCache.noindex -serialize-diagnostics -emit-dependencies -emit-module -emit-module-path /Users/sozercan/Library/Developer/Xcode/DerivedData/Ayna-fiqnzgrnhrmivpbjllldqrfhxjww/Build/Intermediates.noindex/Ayna.build/Debug/Ayna.build/Objects-normal/arm64/Ayna.swiftmodule -validate-clang-modules-once -clang-build-session-file /Users/sozercan/Library/Developer/Xcode/DerivedData/ModuleCache.noindex/Session.modulevalidation -Xcc -I/Users/sozercan/Library/Developer/Xcode/DerivedData/Ayna-fiqnzgrnhrmivpbjllldqrfhxjww/Build/Intermediates.noindex/Ayna.build/Debug/Ayna.build/swift-overrides.hmap -emit-const-values -Xfrontend -const-gather-protocols-file -Xfrontend /Users/sozercan/Library/Developer/Xcode/DerivedData/Ayna-fiqnzgrnhrmivpbjllldqrfhxjww/Build/Intermediates.noindex/Ayna.build/Debug/Ayna.build/Objects-normal/arm64/Ayna_const_extract_protocols.json -Xcc -iquote -Xcc /Users/sozercan/Library/Developer/Xcode/DerivedData/Ayna-fiqnzgrnhrmivpbjllldqrfhxjww/Build/Intermediates.noindex/Ayna.build/Debug/Ayna.build/Ayna-generated-files.hmap -Xcc -I/Users/sozercan/Library/Developer/Xcode/DerivedData/Ayna-fiqnzgrnhrmivpbjllldqrfhxjww/Build/Intermediates.noindex/Ayna.build/Debug/Ayna.build/Ayna-own-target-headers.hmap -Xcc -I/Users/sozercan/Library/Developer/Xcode/DerivedData/Ayna-fiqnzgrnhrmivpbjllldqrfhxjww/Build/Intermediates.noindex/Ayna.build/Debug/Ayna.build/Ayna-all-target-headers.hmap -Xcc -iquote -Xcc /Users/sozercan/Library/Developer/Xcode/DerivedData/Ayna-fiqnzgrnhrmivpbjllldqrfhxjww/Build/Intermediates.noindex/Ayna.build/Debug/Ayna.build/Ayna-project-headers.hmap -Xcc -I/Users/sozercan/Library/Developer/Xcode/DerivedData/Ayna-fiqnzgrnhrmivpbjllldqrfhxjww/Build/Products/Debug/include -Xcc -I/Users/sozercan/Library/Developer/Xcode/DerivedData/Ayna-fiqnzgrnhrmivpbjllldqrfhxjww/Build/Intermediates.noindex/Ayna.build/Debug/Ayna.build/DerivedSources-normal/arm64 -Xcc -I/Users/sozercan/Library/Developer/Xcode/DerivedData/Ayna-fiqnzgrnhrmivpbjllldqrfhxjww/Build/Intermediates.noindex/Ayna.build/Debug/Ayna.build/DerivedSources/arm64 -Xcc -I/Users/sozercan/Library/Developer/Xcode/DerivedData/Ayna-fiqnzgrnhrmivpbjllldqrfhxjww/Build/Intermediates.noindex/Ayna.build/Debug/Ayna.build/DerivedSources -Xcc -DDEBUG\=1 -emit-objc-header -emit-objc-header-path /Users/sozercan/Library/Developer/Xcode/DerivedData/Ayna-fiqnzgrnhrmivpbjllldqrfhxjww/Build/Intermediates.noindex/Ayna.build/Debug/Ayna.build/Objects-normal/arm64/Ayna-Swift.h -working-directory /Users/sozercan/projects/ayna -experimental-emit-module-separately -disable-cmo
/Users/sozercan/projects/ayna/Services/MCPService.swift:11:14: warning: MCPService uses @unchecked Sendable - thread safety ensured manually via Task { @MainActor } and [weak self]
    #warning("MCPService uses @unchecked Sendable - thread safety ensured manually via Task { @MainActor } and [weak self]")
             ^~~~~~~~~~~~~~~~~~~~~~~~~~~~~~~~~~~~~~~~~~~~~~~~~~~~~~~~~~~~~~~~~~~~~~~~~~~~~~~~~~~~~~~~~~~~~~~~~~~~~~~~~~~~~~
/Users/sozercan/projects/ayna/Services/MCPService.swift:11:14: warning: MCPService uses @unchecked Sendable - thread safety ensured manually via Task { @MainActor } and [weak self]
    #warning("MCPService uses @unchecked Sendable - thread safety ensured manually via Task { @MainActor } and [weak self]")
             ^~~~~~~~~~~~~~~~~~~~~~~~~~~~~~~~~~~~~~~~~~~~~~~~~~~~~~~~~~~~~~~~~~~~~~~~~~~~~~~~~~~~~~~~~~~~~~~~~~~~~~~~~~~~~~ (in target 'Ayna' from project 'Ayna')

SwiftCompile normal arm64 Compiling\ MarkdownRenderer.swift /Users/sozercan/projects/ayna/Utilities/MarkdownRenderer.swift (in target 'Ayna' from project 'Ayna')

SwiftCompile normal arm64 /Users/sozercan/projects/ayna/Utilities/MarkdownRenderer.swift (in target 'Ayna' from project 'Ayna')
    cd /Users/sozercan/projects/ayna
    

SwiftEmitModule normal arm64 Emitting\ module\ for\ Ayna (in target 'Ayna' from project 'Ayna')
EmitSwiftModule normal arm64 (in target 'Ayna' from project 'Ayna')
    cd /Users/sozercan/projects/ayna
    
/Users/sozercan/projects/ayna/Services/MCPService.swift:11:14: warning: MCPService uses @unchecked Sendable - thread safety ensured manually via Task { @MainActor } and [weak self]
    #warning("MCPService uses @unchecked Sendable - thread safety ensured manually via Task { @MainActor } and [weak self]")
             ^~~~~~~~~~~~~~~~~~~~~~~~~~~~~~~~~~~~~~~~~~~~~~~~~~~~~~~~~~~~~~~~~~~~~~~~~~~~~~~~~~~~~~~~~~~~~~~~~~~~~~~~~~~~~~

SwiftCompile normal arm64 Compiling\ ChatView.swift /Users/sozercan/projects/ayna/Views/ChatView.swift (in target 'Ayna' from project 'Ayna')
SwiftCompile normal arm64 /Users/sozercan/projects/ayna/Views/ChatView.swift (in target 'Ayna' from project 'Ayna')
    cd /Users/sozercan/projects/ayna
    
/Users/sozercan/projects/ayna/Views/ChatView.swift:436:21: error: cannot find 'ConversationExporter' in scope
      let content = ConversationExporter.generateMarkdown(for: currentConversation)
                    ^~~~~~~~~~~~~~~~~~~~
/Users/sozercan/projects/ayna/Views/ChatView.swift:441:69: error: cannot infer contextual base in reference to member 'utf8'
        try content.write(to: fileURL, atomically: true, encoding: .utf8)
                                                                   ~^~~~
/Users/sozercan/projects/ayna/Views/ChatView.swift:448:13: error: cannot find 'ConversationExporter' in scope
      url = ConversationExporter.generatePDF(for: currentConversation)
            ^~~~~~~~~~~~~~~~~~~~

Failed frontend command:
/Applications/Xcode.app/Contents/Developer/Toolchains/XcodeDefault.xctoolchain/usr/bin/swift-frontend -frontend -c /Users/sozercan/projects/ayna/Utilities/MarkdownRenderer.swift /Users/sozercan/projects/ayna/Utilities/AppPreferences.swift /Users/sozercan/projects/ayna/Utilities/SettingsNavigator.swift /Users/sozercan/projects/ayna/Diagnostics/DiagnosticsLogger.swift /Users/sozercan/projects/ayna/Utilities/TestIdentifiers.swift /Users/sozercan/projects/ayna/Services/EncryptedConversationStore.swift /Users/sozercan/projects/ayna/Services/KeychainStorage.swift /Users/sozercan/projects/ayna/Utilities/ConversationTimelineGrouper.swift /Users/sozercan/projects/ayna/Utilities/EphemeralKeychainStorage.swift /Users/sozercan/projects/ayna/Views/AIKitSettingsView.swift /Users/sozercan/projects/ayna/aynaApp.swift /Users/sozercan/projects/ayna/ContentView.swift /Users/sozercan/projects/ayna/Models/Conversation.swift /Users/sozercan/projects/ayna/Models/Message.swift /Users/sozercan/projects/ayna/Services/AIKitService.swift /Users/sozercan/projects/ayna/Services/OpenAIService.swift /Users/sozercan/projects/ayna/Utilities/UITestEnvironment.swift /Users/sozercan/projects/ayna/Services/AppleIntelligenceService.swift -primary-file /Users/sozercan/projects/ayna/Views/ChatView.swift /Users/sozercan/projects/ayna/Views/MCPSettingsView.swift /Users/sozercan/projects/ayna/Views/SidebarView.swift /Users/sozercan/projects/ayna/Views/SettingsView.swift /Users/sozercan/projects/ayna/ViewModels/ConversationManager.swift /Users/sozercan/projects/ayna/Views/MessageView.swift /Users/sozercan/projects/ayna/Models/MCPModels.swift /Users/sozercan/projects/ayna/Services/MCPService.swift /Users/sozercan/projects/ayna/Services/MCPServerManager.swift /Users/sozercan/Library/Developer/Xcode/DerivedData/Ayna-fiqnzgrnhrmivpbjllldqrfhxjww/Build/Intermediates.noindex/Ayna.build/Debug/Ayna.build/DerivedSources/GeneratedAssetSymbols.swift -emit-dependencies-path /Users/sozercan/Library/Developer/Xcode/DerivedData/Ayna-fiqnzgrnhrmivpbjllldqrfhxjww/Build/Intermediates.noindex/Ayna.build/Debug/Ayna.build/Objects-normal/arm64/ChatView.d -emit-const-values-path /Users/sozercan/Library/Developer/Xcode/DerivedData/Ayna-fiqnzgrnhrmivpbjllldqrfhxjww/Build/Intermediates.noindex/Ayna.build/Debug/Ayna.build/Objects-normal/arm64/ChatView.swiftconstvalues -emit-reference-dependencies-path /Users/sozercan/Library/Developer/Xcode/DerivedData/Ayna-fiqnzgrnhrmivpbjllldqrfhxjww/Build/Intermediates.noindex/Ayna.build/Debug/Ayna.build/Objects-normal/arm64/ChatView.swiftdeps -serialize-diagnostics-path /Users/sozercan/Library/Developer/Xcode/DerivedData/Ayna-fiqnzgrnhrmivpbjllldqrfhxjww/Build/Intermediates.noindex/Ayna.build/Debug/Ayna.build/Objects-normal/arm64/ChatView.dia -emit-localized-strings -emit-localized-strings-path /Users/sozercan/Library/Developer/Xcode/DerivedData/Ayna-fiqnzgrnhrmivpbjllldqrfhxjww/Build/Intermediates.noindex/Ayna.build/Debug/Ayna.build/Objects-normal/arm64 -target arm64-apple-macos14.6 -module-can-import-version AppKit 2685.20.119 2685.20.119 -module-can-import-version DeveloperToolsSupport 23.0.4 23.0.4 -module-can-import-version SwiftUI 7.1.13.1 7.1.13 -load-resolved-plugin /Applications/Xcode.app/Contents/Developer/Platforms/MacOSX.platform/Developer/usr/lib/swift/host/plugins/libFoundationMacros.dylib\#/Applications/Xcode.app/Contents/Developer/Platforms/MacOSX.platform/Developer/usr/bin/swift-plugin-server\#FoundationMacros -load-resolved-plugin /Applications/Xcode.app/Contents/Developer/Platforms/MacOSX.platform/Developer/usr/lib/swift/host/plugins/libFoundationModelsMacros.dylib\#/Applications/Xcode.app/Contents/Developer/Platforms/MacOSX.platform/Developer/usr/bin/swift-plugin-server\#FoundationModelsMacros -load-resolved-plugin /Applications/Xcode.app/Contents/Developer/Platforms/MacOSX.platform/Developer/usr/lib/swift/host/plugins/libObservationMacros.dylib\#/Applications/Xcode.app/Contents/Developer/Platforms/MacOSX.platform/Developer/usr/bin/swift-plugin-server\#ObservationMacros -load-resolved-plugin /Applications/Xcode.app/Contents/Developer/Platforms/MacOSX.platform/Developer/usr/lib/swift/host/plugins/libPreviewsMacros.dylib\#/Applications/Xcode.app/Contents/Developer/Platforms/MacOSX.platform/Developer/usr/bin/swift-plugin-server\#PreviewsMacros -load-resolved-plugin /Applications/Xcode.app/Contents/Developer/Platforms/MacOSX.platform/Developer/usr/lib/swift/host/plugins/libSwiftMacros.dylib\#/Applications/Xcode.app/Contents/Developer/Platforms/MacOSX.platform/Developer/usr/bin/swift-plugin-server\#SwiftMacros -load-resolved-plugin /Applications/Xcode.app/Contents/Developer/Platforms/MacOSX.platform/Developer/usr/lib/swift/host/plugins/libSwiftUIMacros.dylib\#/Applications/Xcode.app/Contents/Developer/Platforms/MacOSX.platform/Developer/usr/bin/swift-plugin-server\#SwiftUIMacros -disable-implicit-swift-modules -Xcc -fno-implicit-modules -Xcc -fno-implicit-module-maps -explicit-swift-module-map-file /Users/sozercan/Library/Developer/Xcode/DerivedData/Ayna-fiqnzgrnhrmivpbjllldqrfhxjww/Build/Intermediates.noindex/Ayna.build/Debug/Ayna.build/Objects-normal/arm64/Ayna-dependencies-1.json -Xllvm -aarch64-use-tbi -enable-objc-interop -stack-check -sdk /Applications/Xcode.app/Contents/Developer/Platforms/MacOSX.platform/Developer/SDKs/MacOSX26.1.sdk -I /Users/sozercan/Library/Developer/Xcode/DerivedData/Ayna-fiqnzgrnhrmivpbjllldqrfhxjww/Build/Products/Debug -F /Users/sozercan/Library/Developer/Xcode/DerivedData/Ayna-fiqnzgrnhrmivpbjllldqrfhxjww/Build/Products/Debug -no-color-diagnostics -Xcc -fno-color-diagnostics -enable-testing -g -debug-info-format\=dwarf -dwarf-version\=4 -module-cache-path /Users/sozercan/Library/Developer/Xcode/DerivedData/Ayna-fiqnzgrnhrmivpbjllldqrfhxjww/Build/Intermediates.noindex/SwiftExplicitPrecompiledModules -swift-version 6 -enforce-exclusivity\=checked -Onone -D DEBUG -serialize-debugging-options -const-gather-protocols-file /Users/sozercan/Library/Developer/Xcode/DerivedData/Ayna-fiqnzgrnhrmivpbjllldqrfhxjww/Build/Intermediates.noindex/Ayna.build/Debug/Ayna.build/Objects-normal/arm64/Ayna_const_extract_protocols.json -enable-experimental-feature DebugDescriptionMacro -empty-abi-descriptor -validate-clang-modules-once -clang-build-session-file /Users/sozercan/Library/Developer/Xcode/DerivedData/ModuleCache.noindex/Session.modulevalidation -Xcc -working-directory -Xcc /Users/sozercan/projects/ayna -enable-anonymous-context-mangled-names -file-compilation-dir /Users/sozercan/projects/ayna -Xcc -D_LIBCPP_HARDENING_MODE\=_LIBCPP_HARDENING_MODE_DEBUG -Xcc -ivfsstatcache -Xcc /Users/sozercan/Library/Developer/Xcode/DerivedData/SDKStatCaches.noindex/macosx26.1-25B74-3ae1261907bdadc328169391a47051a6.sdkstatcache -Xcc -I/Users/sozercan/Library/Developer/Xcode/DerivedData/Ayna-fiqnzgrnhrmivpbjllldqrfhxjww/Build/Intermediates.noindex/Ayna.build/Debug/Ayna.build/swift-overrides.hmap -Xcc -iquote -Xcc /Users/sozercan/Library/Developer/Xcode/DerivedData/Ayna-fiqnzgrnhrmivpbjllldqrfhxjww/Build/Intermediates.noindex/Ayna.build/Debug/Ayna.build/Ayna-generated-files.hmap -Xcc -I/Users/sozercan/Library/Developer/Xcode/DerivedData/Ayna-fiqnzgrnhrmivpbjllldqrfhxjww/Build/Intermediates.noindex/Ayna.build/Debug/Ayna.build/Ayna-own-target-headers.hmap -Xcc -I/Users/sozercan/Library/Developer/Xcode/DerivedData/Ayna-fiqnzgrnhrmivpbjllldqrfhxjww/Build/Intermediates.noindex/Ayna.build/Debug/Ayna.build/Ayna-all-target-headers.hmap -Xcc -iquote -Xcc /Users/sozercan/Library/Developer/Xcode/DerivedData/Ayna-fiqnzgrnhrmivpbjllldqrfhxjww/Build/Intermediates.noindex/Ayna.build/Debug/Ayna.build/Ayna-project-headers.hmap -Xcc -I/Users/sozercan/Library/Developer/Xcode/DerivedData/Ayna-fiqnzgrnhrmivpbjllldqrfhxjww/Build/Products/Debug/include -Xcc -I/Users/sozercan/Library/Developer/Xcode/DerivedData/Ayna-fiqnzgrnhrmivpbjllldqrfhxjww/Build/Intermediates.noindex/Ayna.build/Debug/Ayna.build/DerivedSources-normal/arm64 -Xcc -I/Users/sozercan/Library/Developer/Xcode/DerivedData/Ayna-fiqnzgrnhrmivpbjllldqrfhxjww/Build/Intermediates.noindex/Ayna.build/Debug/Ayna.build/DerivedSources/arm64 -Xcc -I/Users/sozercan/Library/Developer/Xcode/DerivedData/Ayna-fiqnzgrnhrmivpbjllldqrfhxjww/Build/Intermediates.noindex/Ayna.build/Debug/Ayna.build/DerivedSources -Xcc -DDEBUG\=1 -no-auto-bridging-header-chaining -module-name Ayna -frontend-parseable-output -disable-clang-spi -target-sdk-version 26.1 -target-sdk-name macosx26.1 -clang-target arm64-apple-macos26.1 -in-process-plugin-server-path /Applications/Xcode.app/Contents/Developer/Toolchains/XcodeDefault.xctoolchain/usr/lib/swift/host/libSwiftInProcPluginServer.dylib -o /Users/sozercan/Library/Developer/Xcode/DerivedData/Ayna-fiqnzgrnhrmivpbjllldqrfhxjww/Build/Intermediates.noindex/Ayna.build/Debug/Ayna.build/Objects-normal/arm64/ChatView.o -index-unit-output-path /Ayna.build/Debug/Ayna.build/Objects-normal/arm64/ChatView.o -index-store-path /Users/sozercan/Library/Developer/Xcode/DerivedData/Ayna-fiqnzgrnhrmivpbjllldqrfhxjww/Index.noindex/DataStore -index-system-modules
SwiftDriverJobDiscovery normal arm64 Compiling MarkdownRenderer.swift (in target 'Ayna' from project 'Ayna')

SwiftCompile normal arm64 Compiling\ MessageView.swift /Users/sozercan/projects/ayna/Views/MessageView.swift (in target 'Ayna' from project 'Ayna')
SwiftCompile normal arm64 /Users/sozercan/projects/ayna/Views/MessageView.swift (in target 'Ayna' from project 'Ayna')
    cd /Users/sozercan/projects/ayna
    

** BUILD FAILED **


The following build commands failed:
	SwiftCompile normal arm64 /Users/sozercan/projects/ayna/Views/ChatView.swift (in target 'Ayna' from project 'Ayna')
	SwiftCompile normal arm64 Compiling\ ChatView.swift /Users/sozercan/projects/ayna/Views/ChatView.swift (in target 'Ayna' from project 'Ayna')
	Building project Ayna with scheme Ayna
(3 failures)
